<?xml version="1.0" encoding="UTF-8"?>
<testsuite name="com.backend.customer.service.CustomerServiceImplTest" tests="5" skipped="0" failures="0" errors="0" timestamp="2021-10-14T21:36:41" hostname="DESKTOP-TD8A6Q0" time="0.154">
  <properties/>
  <testcase name="deleteCustomer()" classname="com.backend.customer.service.CustomerServiceImplTest" time="0.131"/>
  <testcase name="whenValidGetId_ThenReturnClient()" classname="com.backend.customer.service.CustomerServiceImplTest" time="0.006"/>
  <testcase name="listAllCustomers()" classname="com.backend.customer.service.CustomerServiceImplTest" time="0.007"/>
  <testcase name="updateCustomer()" classname="com.backend.customer.service.CustomerServiceImplTest" time="0.003"/>
  <testcase name="createCustomer()" classname="com.backend.customer.service.CustomerServiceImplTest" time="0.003"/>
  <system-out><![CDATA[16:36:37.374 [Test worker] DEBUG org.springframework.test.context.BootstrapUtils - Instantiating CacheAwareContextLoaderDelegate from class [org.springframework.test.context.cache.DefaultCacheAwareContextLoaderDelegate]
16:36:37.385 [Test worker] DEBUG org.springframework.test.context.BootstrapUtils - Instantiating BootstrapContext using constructor [public org.springframework.test.context.support.DefaultBootstrapContext(java.lang.Class,org.springframework.test.context.CacheAwareContextLoaderDelegate)]
16:36:37.412 [Test worker] DEBUG org.springframework.test.context.BootstrapUtils - Instantiating TestContextBootstrapper for test class [com.backend.customer.service.CustomerServiceImplTest] from class [org.springframework.boot.test.context.SpringBootTestContextBootstrapper]
16:36:37.421 [Test worker] INFO org.springframework.boot.test.context.SpringBootTestContextBootstrapper - Neither @ContextConfiguration nor @ContextHierarchy found for test class [com.backend.customer.service.CustomerServiceImplTest], using SpringBootContextLoader
16:36:37.424 [Test worker] DEBUG org.springframework.test.context.support.AbstractContextLoader - Did not detect default resource location for test class [com.backend.customer.service.CustomerServiceImplTest]: class path resource [com/backend/customer/service/CustomerServiceImplTest-context.xml] does not exist
16:36:37.424 [Test worker] DEBUG org.springframework.test.context.support.AbstractContextLoader - Did not detect default resource location for test class [com.backend.customer.service.CustomerServiceImplTest]: class path resource [com/backend/customer/service/CustomerServiceImplTestContext.groovy] does not exist
16:36:37.425 [Test worker] INFO org.springframework.test.context.support.AbstractContextLoader - Could not detect default resource locations for test class [com.backend.customer.service.CustomerServiceImplTest]: no resource found for suffixes {-context.xml, Context.groovy}.
16:36:37.426 [Test worker] INFO org.springframework.test.context.support.AnnotationConfigContextLoaderUtils - Could not detect default configuration classes for test class [com.backend.customer.service.CustomerServiceImplTest]: CustomerServiceImplTest does not declare any static, non-private, non-final, nested classes annotated with @Configuration.
16:36:37.462 [Test worker] DEBUG org.springframework.test.context.support.ActiveProfilesUtils - Could not find an 'annotation declaring class' for annotation type [org.springframework.test.context.ActiveProfiles] and class [com.backend.customer.service.CustomerServiceImplTest]
16:36:37.508 [Test worker] DEBUG org.springframework.context.annotation.ClassPathScanningCandidateComponentProvider - Identified candidate component class: file [A:\BACKEND\service-customer\build\classes\java\main\com\backend\customer\ServiceClientApplication.class]
16:36:37.509 [Test worker] INFO org.springframework.boot.test.context.SpringBootTestContextBootstrapper - Found @SpringBootConfiguration com.backend.customer.ServiceClientApplication for test class com.backend.customer.service.CustomerServiceImplTest
16:36:37.589 [Test worker] DEBUG org.springframework.boot.test.context.SpringBootTestContextBootstrapper - @TestExecutionListeners is not present for class [com.backend.customer.service.CustomerServiceImplTest]: using defaults.
16:36:37.594 [Test worker] INFO org.springframework.boot.test.context.SpringBootTestContextBootstrapper - Loaded default TestExecutionListener class names from location [META-INF/spring.factories]: [org.springframework.boot.test.autoconfigure.restdocs.RestDocsTestExecutionListener, org.springframework.boot.test.autoconfigure.web.client.MockRestServiceServerResetTestExecutionListener, org.springframework.boot.test.autoconfigure.web.servlet.MockMvcPrintOnlyOnFailureTestExecutionListener, org.springframework.boot.test.autoconfigure.web.servlet.WebDriverTestExecutionListener, org.springframework.boot.test.autoconfigure.webservices.client.MockWebServiceServerTestExecutionListener, org.springframework.boot.test.mock.mockito.MockitoTestExecutionListener, org.springframework.boot.test.mock.mockito.ResetMocksTestExecutionListener, org.springframework.test.context.web.ServletTestExecutionListener, org.springframework.test.context.support.DirtiesContextBeforeModesTestExecutionListener, org.springframework.test.context.event.ApplicationEventsTestExecutionListener, org.springframework.test.context.support.DependencyInjectionTestExecutionListener, org.springframework.test.context.support.DirtiesContextTestExecutionListener, org.springframework.test.context.transaction.TransactionalTestExecutionListener, org.springframework.test.context.jdbc.SqlScriptsTestExecutionListener, org.springframework.test.context.event.EventPublishingTestExecutionListener]
16:36:37.611 [Test worker] INFO org.springframework.boot.test.context.SpringBootTestContextBootstrapper - Using TestExecutionListeners: [org.springframework.test.context.web.ServletTestExecutionListener@1c807b1d, org.springframework.test.context.support.DirtiesContextBeforeModesTestExecutionListener@238b521e, org.springframework.test.context.event.ApplicationEventsTestExecutionListener@1b39fd82, org.springframework.boot.test.mock.mockito.MockitoTestExecutionListener@3e2fc448, org.springframework.boot.test.autoconfigure.SpringBootDependencyInjectionTestExecutionListener@21680803, org.springframework.test.context.support.DirtiesContextTestExecutionListener@588ab592, org.springframework.test.context.transaction.TransactionalTestExecutionListener@c8b96ec, org.springframework.test.context.jdbc.SqlScriptsTestExecutionListener@4cc61eb1, org.springframework.test.context.event.EventPublishingTestExecutionListener@2d8f2f3a, org.springframework.boot.test.autoconfigure.restdocs.RestDocsTestExecutionListener@2024293c, org.springframework.boot.test.autoconfigure.web.client.MockRestServiceServerResetTestExecutionListener@7048f722, org.springframework.boot.test.autoconfigure.web.servlet.MockMvcPrintOnlyOnFailureTestExecutionListener@c074c0c, org.springframework.boot.test.autoconfigure.web.servlet.WebDriverTestExecutionListener@58a55449, org.springframework.boot.test.autoconfigure.webservices.client.MockWebServiceServerTestExecutionListener@5949eba8, org.springframework.boot.test.mock.mockito.ResetMocksTestExecutionListener@6e0ff644]
16:36:37.614 [Test worker] DEBUG org.springframework.test.context.support.AbstractDirtiesContextTestExecutionListener - Before test class: context [DefaultTestContext@58783f6c testClass = CustomerServiceImplTest, testInstance = [null], testMethod = [null], testException = [null], mergedContextConfiguration = [WebMergedContextConfiguration@3a7b503d testClass = CustomerServiceImplTest, locations = '{}', classes = '{class com.backend.customer.ServiceClientApplication}', contextInitializerClasses = '[]', activeProfiles = '{}', propertySourceLocations = '{}', propertySourceProperties = '{org.springframework.boot.test.context.SpringBootTestContextBootstrapper=true}', contextCustomizers = set[org.springframework.boot.test.autoconfigure.actuate.metrics.MetricsExportContextCustomizerFactory$DisableMetricExportContextCustomizer@4c398c80, org.springframework.boot.test.autoconfigure.properties.PropertyMappingContextCustomizer@0, org.springframework.boot.test.autoconfigure.web.servlet.WebDriverContextCustomizerFactory$Customizer@34997338, org.springframework.boot.test.context.filter.ExcludeFilterContextCustomizer@163d04ff, org.springframework.boot.test.json.DuplicateJsonObjectContextCustomizerFactory$DuplicateJsonObjectContextCustomizer@7e928e2f, org.springframework.boot.test.mock.mockito.MockitoContextCustomizer@0, org.springframework.boot.test.web.client.TestRestTemplateContextCustomizer@6821ea29, org.springframework.boot.test.context.SpringBootTestArgs@1, org.springframework.boot.test.context.SpringBootTestWebEnvironment@35b74c5c], resourceBasePath = 'src/main/webapp', contextLoader = 'org.springframework.boot.test.context.SpringBootContextLoader', parent = [null]], attributes = map['org.springframework.test.context.web.ServletTestExecutionListener.activateListener' -> true]], class annotated with @DirtiesContext [false] with mode [null].
16:36:37.639 [Test worker] DEBUG org.springframework.test.context.support.TestPropertySourceUtils - Adding inlined properties to environment: {spring.jmx.enabled=false, org.springframework.boot.test.context.SpringBootTestContextBootstrapper=true}

  .   ____          _            __ _ _
 /\\ / ___'_ __ _ _(_)_ __  __ _ \ \ \ \
( ( )\___ | '_ | '_| | '_ \/ _` | \ \ \ \
 \\/  ___)| |_)| | | | | || (_| |  ) ) ) )
  '  |____| .__|_| |_|_| |_\__, | / / / /
 =========|_|==============|___/=/_/_/_/
 :: Spring Boot ::                (v2.5.5)

2021-10-14 16:36:37.856  INFO 10776 --- [    Test worker] c.b.c.service.CustomerServiceImplTest    : Starting CustomerServiceImplTest using Java 11.0.12 on DESKTOP-TD8A6Q0 with PID 10776 (started by Andree in A:\BACKEND\service-customer)
2021-10-14 16:36:37.859  INFO 10776 --- [    Test worker] c.b.c.service.CustomerServiceImplTest    : No active profile set, falling back to default profiles: default
2021-10-14 16:36:38.416  INFO 10776 --- [    Test worker] .s.d.r.c.RepositoryConfigurationDelegate : Bootstrapping Spring Data JPA repositories in DEFAULT mode.
2021-10-14 16:36:38.463  INFO 10776 --- [    Test worker] .s.d.r.c.RepositoryConfigurationDelegate : Finished Spring Data repository scanning in 39 ms. Found 1 JPA repository interfaces.
2021-10-14 16:36:38.901  INFO 10776 --- [    Test worker] o.hibernate.jpa.internal.util.LogHelper  : HHH000204: Processing PersistenceUnitInfo [name: default]
2021-10-14 16:36:38.947  INFO 10776 --- [    Test worker] org.hibernate.Version                    : HHH000412: Hibernate ORM core version 5.4.32.Final
2021-10-14 16:36:39.071  INFO 10776 --- [    Test worker] o.hibernate.annotations.common.Version   : HCANN000001: Hibernate Commons Annotations {5.1.2.Final}
2021-10-14 16:36:39.169  INFO 10776 --- [    Test worker] com.zaxxer.hikari.HikariDataSource       : HikariPool-1 - Starting...
2021-10-14 16:36:39.473  INFO 10776 --- [    Test worker] com.zaxxer.hikari.HikariDataSource       : HikariPool-1 - Start completed.
2021-10-14 16:36:39.505  INFO 10776 --- [    Test worker] org.hibernate.dialect.Dialect            : HHH000400: Using dialect: org.hibernate.dialect.MySQL8Dialect
2021-10-14 16:36:40.190  INFO 10776 --- [    Test worker] o.h.e.t.j.p.i.JtaPlatformInitiator       : HHH000490: Using JtaPlatform implementation: [org.hibernate.engine.transaction.jta.platform.internal.NoJtaPlatform]
2021-10-14 16:36:40.201  INFO 10776 --- [    Test worker] j.LocalContainerEntityManagerFactoryBean : Initialized JPA EntityManagerFactory for persistence unit 'default'
2021-10-14 16:36:40.710  WARN 10776 --- [    Test worker] JpaBaseConfiguration$JpaWebConfiguration : spring.jpa.open-in-view is enabled by default. Therefore, database queries may be performed during view rendering. Explicitly configure spring.jpa.open-in-view to disable this warning
2021-10-14 16:36:41.167  INFO 10776 --- [    Test worker] c.b.c.service.CustomerServiceImplTest    : Started CustomerServiceImplTest in 3.524 seconds (JVM running for 4.589)
]]></system-out>
  <system-err><![CDATA[]]></system-err>
</testsuite>
